<?xml version="1.0" encoding="utf-8"?><testsuites name="pytest tests"><testsuite name="pytest" errors="0" failures="1" skipped="2" tests="46" time="22.696" timestamp="2026-05-25T20:18:44.017631-04:00" hostname="SERVER"><testcase classname="test.test_live_generation" name="test_cli" file="test/test_live_generation.py" line="18" time="6.743" /><testcase classname="test.test_formatter_html" name="test_HTMLDoc_document_module" file="test/test_formatter_html.py" line="18" time="0.018" /><testcase classname="test.test_formatter_html" name="test_HTMLDoc_index" file="test/test_formatter_html.py" line="5" time="0.001" /><testcase classname="test.test_formatter_html" name="test_HTMLDoc_document_other" file="test/test_formatter_html.py" line="58" time="0.001" /><testcase classname="test.test_formatter_html" name="test_HTMLDoc_document_class" file="test/test_formatter_html.py" line="31" time="0.003" /><testcase classname="test.test_formatter_html" name="test_HTMLDoc_document_routine" file="test/test_formatter_html.py" line="42" time="0.001" /><testcase classname="test.test_skip_main" name="test_document_directory_skips_main" file="test/test_skip_main.py" line="5" time="0.006" /><testcase classname="test.test_cli" name="test_main_dispatches_to_gui" file="test/test_cli.py" line="10" time="0.001" /><testcase classname="test.test_cli" name="test_main_dispatches_to_html_generator" file="test/test_cli.py" line="21" time="0.000" /><testcase classname="test.test_settings_config" name="test_parse_toml_reads_current_directory_config" file="test/test_settings_config.py" line="5" time="0.003" /><testcase classname="test.test_settings_config" name="test_load_config_reads_supported_values" file="test/test_settings_config.py" line="24" time="0.001" /><testcase classname="test.test_settings_config" name="test_load_config_uses_defaults_when_pyproject_is_missing" file="test/test_settings_config.py" line="60" time="0.001" /><testcase classname="test.test_string_utils" name="test_cram_degenerate" file="test/test_string_utils.py" line="18" time="0.000" /><testcase classname="test.test_string_utils" name="test_replace" file="test/test_string_utils.py" line="3" time="0.000" /><testcase classname="test.test_string_utils" name="test_cram_basic" file="test/test_string_utils.py" line="12" time="0.000" /><testcase classname="test.test_string_utils" name="test_stripid" file="test/test_string_utils.py" line="26" time="0.000" /><testcase classname="test.test_variety" name="test_document_by_relative_path" file="test/test_variety.py" line="285" time="1.966" /><testcase classname="test.test_variety" name="test_document_properties" file="test/test_variety.py" line="244" time="2.001" /><testcase classname="test.test_variety" name="test_document_inheritance" file="test/test_variety.py" line="221" time="0.669"><failure message="NameError: name 'ClassVar' is not defined">sample_codebase = PosixPath('/tmp/pytest-of-mmartin/pytest-6/test_document_inheritance0/sample_project')
tmp_path = PosixPath('/tmp/pytest-of-mmartin/pytest-6/test_document_inheritance0')

    def test_document_inheritance(sample_codebase, tmp_path):
        """Test documenting inheritance."""
        output = tmp_path / "output"
        output.mkdir()
    
        sys.path.insert(0, str(sample_codebase))
        try:
&gt;           process_path_or_dot_name(["inheritance_mod"], output_folder=str(output))

test/test_variety.py:229: 
_ _ _ _ _ _ _ _ _ _ _ _ _ _ _ _ _ _ _ _ _ _ _ _ _ _ _ _ _ _ _ _ _ _ _ _ _ _ _ _ 
pydoc_fork/commands.py:217: in process_path_or_dot_name
    written = write_docs_per_module(files, output_folder, skip_if_written=not overwrite_existing)
              ^^^^^^^^^^^^^^^^^^^^^^^^^^^^^^^^^^^^^^^^^^^^^^^^^^^^^^^^^^^^^^^^^^^^^^^^^^^^^^^^^^^
pydoc_fork/commands.py:118: in write_docs_per_module
    third_party_written = write_docs_live_module(output_folder, 0, skip_if_written)
                          ^^^^^^^^^^^^^^^^^^^^^^^^^^^^^^^^^^^^^^^^^^^^^^^^^^^^^^^^^
pydoc_fork/commands.py:145: in write_docs_live_module
    actual_full_path = document_one(thing, output_folder)
                       ^^^^^^^^^^^^^^^^^^^^^^^^^^^^^^^^^^
pydoc_fork/commands.py:38: in document_one
    page_out = render(describe(the_object), the_object, name)
               ^^^^^^^^^^^^^^^^^^^^^^^^^^^^^^^^^^^^^^^^^^^^^^
pydoc_fork/reporter/format_page.py:26: in render
    return page(title, document(the_object, name))
                       ^^^^^^^^^^^^^^^^^^^^^^^^^^
pydoc_fork/reporter/format_page.py:60: in document
    return docmodule(cast(TypeLike, the_object))
           ^^^^^^^^^^^^^^^^^^^^^^^^^^^^^^^^^^^^^
pydoc_fork/reporter/format_module.py:232: in docmodule
    contents_list.append(document(value, key, name, function_dict, class_dict))
                         ^^^^^^^^^^^^^^^^^^^^^^^^^^^^^^^^^^^^^^^^^^^^^^^^^^^^^
pydoc_fork/reporter/format_page.py:62: in document
    return docclass(*args)
           ^^^^^^^^^^^^^^^
pydoc_fork/reporter/format_class.py:232: in docclass
    signature = inspect.signature(cast(Any, the_object))
                ^^^^^^^^^^^^^^^^^^^^^^^^^^^^^^^^^^^^^^^^
../../.local/share/uv/python/cpython-3.14.5-linux-x86_64-gnu/lib/python3.14/inspect.py:3323: in signature
    return Signature.from_callable(obj, follow_wrapped=follow_wrapped,
../../.local/share/uv/python/cpython-3.14.5-linux-x86_64-gnu/lib/python3.14/inspect.py:3038: in from_callable
    return _signature_from_callable(obj, sigcls=cls,
../../.local/share/uv/python/cpython-3.14.5-linux-x86_64-gnu/lib/python3.14/inspect.py:2558: in _signature_from_callable
    return _get_signature_of(init)
           ^^^^^^^^^^^^^^^^^^^^^^^
../../.local/share/uv/python/cpython-3.14.5-linux-x86_64-gnu/lib/python3.14/inspect.py:2441: in _signature_from_callable
    sig = _get_signature_of(obj.__func__)
          ^^^^^^^^^^^^^^^^^^^^^^^^^^^^^^^
../../.local/share/uv/python/cpython-3.14.5-linux-x86_64-gnu/lib/python3.14/inspect.py:2512: in _signature_from_callable
    return _signature_from_function(sigcls, obj,
../../.local/share/uv/python/cpython-3.14.5-linux-x86_64-gnu/lib/python3.14/inspect.py:2335: in _signature_from_function
    annotations = get_annotations(func, globals=globals, locals=locals, eval_str=eval_str,
../../.local/share/uv/python/cpython-3.14.5-linux-x86_64-gnu/lib/python3.14/annotationlib.py:987: in get_annotations
    ann = _get_dunder_annotations(obj)
          ^^^^^^^^^^^^^^^^^^^^^^^^^^^^
../../.local/share/uv/python/cpython-3.14.5-linux-x86_64-gnu/lib/python3.14/annotationlib.py:1180: in _get_dunder_annotations
    ann = getattr(obj, "__annotations__", None)
          ^^^^^^^^^^^^^^^^^^^^^^^^^^^^^^^^^^^^^
../../.local/share/uv/python/cpython-3.14.5-linux-x86_64-gnu/lib/python3.14/dataclasses.py:548: in __annotate__
    annotationlib.get_annotations(base, format=format)
../../.local/share/uv/python/cpython-3.14.5-linux-x86_64-gnu/lib/python3.14/annotationlib.py:987: in get_annotations
    ann = _get_dunder_annotations(obj)
          ^^^^^^^^^^^^^^^^^^^^^^^^^^^^
../../.local/share/uv/python/cpython-3.14.5-linux-x86_64-gnu/lib/python3.14/annotationlib.py:1175: in _get_dunder_annotations
    ann = _BASE_GET_ANNOTATIONS(obj)
          ^^^^^^^^^^^^^^^^^^^^^^^^^^
_ _ _ _ _ _ _ _ _ _ _ _ _ _ _ _ _ _ _ _ _ _ _ _ _ _ _ _ _ _ _ _ _ _ _ _ _ _ _ _ 

format = 1

    class ThemeSection(Mapping[str, str]):
        """A mixin/base class for theme sections.
    
        It enables dictionary access to a section, as well as implements convenience
        methods.
        """
    
        # The two types below are just that: types to inform the type checker that the
        # mixin will work in context of those fields existing
&gt;       __dataclass_fields__: ClassVar[dict[str, Field[str]]]
                              ^^^^^^^^
E       NameError: name 'ClassVar' is not defined

../../.local/share/uv/python/cpython-3.14.5-linux-x86_64-gnu/lib/python3.14/_colorize.py:124: NameError</failure></testcase><testcase classname="test.test_variety" name="test_document_private" file="test/test_variety.py" line="263" time="3.414" /><testcase classname="test.test_variety" name="test_document_package" file="test/test_variety.py" line="182" time="1.881" /><testcase classname="test.test_variety" name="test_document_class_module" file="test/test_variety.py" line="161" time="1.255" /><testcase classname="test.test_variety" name="test_document_module_with_all" file="test/test_variety.py" line="204" time="1.418" /><testcase classname="test.test_variety" name="test_document_simple_module" file="test/test_variety.py" line="141" time="1.114" /><testcase classname="test.test_is_that_html5" name="test_preformat" file="test/test_is_that_html5.py" line="60" time="0.001" /><testcase classname="test.test_is_that_html5" name="test_docroutine" file="test/test_is_that_html5.py" line="23" time="0.002" /><testcase classname="test.test_is_that_html5" name="test_docother" file="test/test_is_that_html5.py" line="15" time="0.001" /><testcase classname="test.test_is_that_html5" name="test_docclass" file="test/test_is_that_html5.py" line="32" time="0.028" /><testcase classname="test.test_is_that_html5" name="test_markup" file="test/test_is_that_html5.py" line="70" time="0.001" /><testcase classname="test.test_is_that_html5" name="test_bigsection" file="test/test_is_that_html5.py" line="50" time="0.002" /><testcase classname="test.test_is_that_html5" name="test_section" file="test/test_is_that_html5.py" line="41" time="0.002" /><testcase classname="test.test_main" name="test_process_docopts" file="test/test_main.py" line="5" time="1.102" /><testcase classname="test.test_module_utils" name="test_importfile" file="test/test_module_utils.py" line="5" time="0.001" /><testcase classname="test.test_document_single_files" name="test_single_file_pydocfodder_as_dot_py" file="test/test_document_single_files.py" line="55" time="0.000"><skipped type="pytest.skip" message="Fails if output drive differs from temp drive">/home/mmartin/github/pydoc_fork/test/test_document_single_files.py:56: Fails if output drive differs from temp drive</skipped></testcase><testcase classname="test.test_document_single_files" name="test_single_file_pydocfodder" file="test/test_document_single_files.py" line="23" time="0.000"><skipped type="pytest.skip" message="Fails if output drive differs from temp drive">/home/mmartin/github/pydoc_fork/test/test_document_single_files.py:24: Fails if output drive differs from temp drive</skipped></testcase><testcase classname="test.test_path_utils" name="test_get_revised_path" file="test/test_path_utils.py" line="5" time="0.000" /><testcase classname="test.test_main_options" name="test_process_docopts_applies_optional_cli_settings" file="test/test_main_options.py" line="7" time="0.004" /><testcase classname="test.test_utils" name="test_isdata" file="test/test_utils.py" line="68" time="0.000" /><testcase classname="test.test_utils" name="test_describe" file="test/test_utils.py" line="18" time="0.000" /><testcase classname="test.test_utils" name="test_finddoc" file="test/test_utils.py" line="100" time="0.000" /><testcase classname="test.test_rst_support" name="test_rst_to_html_returns_html_fragment" file="test/test_rst_support.py" line="6" time="0.017" /><testcase classname="test.test_rst_support" name="test_html_fragment_translator_methods" file="test/test_rst_support.py" line="15" time="0.002" /><testcase classname="test.test_argv_mocking" name="test_safe_import_mocks_argv" file="test/test_argv_mocking.py" line="6" time="0.004" /><testcase classname="test.test_argv_mocking" name="test_safe_import_restores_argv_on_error" file="test/test_argv_mocking.py" line="33" time="0.004" /><testcase classname="test.test_fix_links_to_stdlib" name="test_getdocloc_sys" file="test/test_fix_links_to_stdlib.py" line="22" time="0.001" /><testcase classname="test.test_fix_links_to_stdlib" name="test_getdocloc_datetime" file="test/test_fix_links_to_stdlib.py" line="8" time="0.001" /></testsuite></testsuites>